<?xml version="1.0" encoding="UTF-8"?>
<testsuite xmlns:xsi="http://www.w3.org/2001/XMLSchema-instance" xsi:noNamespaceSchemaLocation="https://maven.apache.org/surefire/maven-surefire-plugin/xsd/surefire-test-report.xsd" name="xit.gateway.core.valve.TestOrdinaryValve" time="6.159" tests="2" errors="0" skipped="0" failures="0">
  <properties>
[...]
</properties>
  <testcase name="testOrdinaryValveAdd" classname="xit.gateway.core.valve.TestOrdinaryValve" time="0.292"/>
  <testcase name="testProcessCoreValveAdd" classname="xit.gateway.core.valve.TestOrdinaryValve" time="0.002"/>
</testsuite>